Arguments: 
  /usr/local/bin/node /usr/local/bin/yarn

PATH: 
  /Users/ideiasti/.zinit/polaris/sbin:/Users/ideiasti/.zinit/polaris/bin:/usr/local/opt/openjdk/bin:/usr/local/sbin:/usr/local/bin/firebase:/usr/local/bin:/usr/bin:/bin:/usr/sbin:/sbin:/Library/Apple/usr/bin:/Users/ideiasti/Library/Android/sdk/emulator:/Users/ideiasti/Library/Android/sdk/tools:/Users/ideiasti/Library/Android/sdk/tools/bin:/Users/ideiasti/Library/Android/sdk/platform-tools

Yarn version: 
  1.22.5

Node version: 
  14.17.0

Platform: 
  darwin x64

Trace: 
  Error: https://registry.yarnpkg.com/ts-node-dev%20-r%20tsconfig-paths%2fregister: Request "https://registry.yarnpkg.com/ts-node-dev%20-r%20tsconfig-paths%2fregister" returned a 405
      at Request.params.callback [as _callback] (/usr/local/lib/node_modules/yarn/lib/cli.js:66997:18)
      at Request.self.callback (/usr/local/lib/node_modules/yarn/lib/cli.js:140662:22)
      at Request.emit (events.js:376:20)
      at Request.<anonymous> (/usr/local/lib/node_modules/yarn/lib/cli.js:141634:10)
      at Request.emit (events.js:376:20)
      at IncomingMessage.<anonymous> (/usr/local/lib/node_modules/yarn/lib/cli.js:141556:12)
      at Object.onceWrapper (events.js:482:28)
      at IncomingMessage.emit (events.js:388:22)
      at endReadableNT (internal/streams/readable.js:1336:12)
      at processTicksAndRejections (internal/process/task_queues.js:82:21)

npm manifest: 
  {
    "name": "backend",
    "version": "1.0.0",
    "description": "first project backend node with good practices",
    "main": "index.js",
    "scripts": {
      "test": "echo \"Error: no test specified\" && exit 1",
      "tsc-init": "tsc --init",
      "build": "tsc",
      "production": "node ./dist/index.js",
      "start:server": "ts-node --inspect --transpile-only --ignore-watch node_modules ./src/shared/infra/http/server.ts",
      "dev": "ts-node-dev -r tsconfig-paths/register --inspect --transpile-only --ignore-watch node_modules ./src/shared/infra/http/server.ts",
      "eslint-start": "eslint --init",
      "create:migration": "ts-node-dev -r tsconfig-paths/register ./node_modules/typeorm/cli.js migration:create -n",
      "migration:run": "ts-node-dev -r tsconfig-paths/register ./node_modules/typeorm/cli.js migration:run",
      "migration:show": "ts-node-dev -r tsconfig-paths/register ./node_modules/typeorm/cli.js migration:show",
      "migration:revert": "ts-node-dev -r tsconfig-paths/register ./node_modules/typeorm/cli.js migration:revert",
      "typeorm": "ts-node-dev -r tsconfig-paths/register ./node_modules/typeorm/cli.js"
    },
    "keywords": [
      "nodejs",
      "js",
      "api",
      "backend"
    ],
    "author": "savio777",
    "license": "MIT",
    "dependencies": {
      "@types/jsonwebtoken": "^8.5.0",
      "bcrypt": "^5.0.0",
      "cors": "^2.8.5",
      "date-fns": "^2.16.1",
      "express": "^4.17.1",
      "express-async-errors": "^3.1.1",
      "jsonwebtoken": "^8.5.1",
      "multer": "^1.4.2",
      "pg": "^8.3.3",
      "reflect-metadata": "^0.1.13",
      "typeorm": "^0.2.25",
      "uuidv4": "^6.2.3"
    },
    "devDependencies": {
      "@types/bcrypt": "^3.0.0",
      "@types/cors": "^2.8.10",
      "@types/express": "^4.17.8",
      "@types/multer": "^1.4.4",
      "@typescript-eslint/eslint-plugin": "^4.0.1",
      "@typescript-eslint/parser": "^4.0.1",
      "eslint": "^7.8.1",
      "eslint-config-airbnb-base": "^14.2.0",
      "eslint-config-prettier": "^6.11.0",
      "eslint-import-resolver-typescript": "^2.3.0",
      "eslint-plugin-import": "^2.22.0",
      "eslint-plugin-prettier": "^3.1.4",
      "prettier": "^2.1.1",
      "ts-node-dev -r tsconfig-paths/register": "^1.0.0-pre.61",
      "tsconfig-paths": "^3.9.0",
      "typescript": "^4.0.2"
    }
  }

yarn manifest: 
  No manifest

Lockfile: 
  No lockfile
